0 info it worked if it ends with ok
1 verbose cli [ 'node', '/usr/local/bin/npm', 'install', '-g' ]
2 info using npm@2.1.3
3 info using node@v0.10.32
4 silly cache add args [ '.', null ]
5 verbose cache add spec .
6 silly cache add parsed spec { raw: '.',
6 silly cache add   scope: null,
6 silly cache add   name: null,
6 silly cache add   rawSpec: '.',
6 silly cache add   spec: '/Users/patrick/Documents/Mclassical/www',
6 silly cache add   type: 'directory' }
7 verbose tar pack [ '/Users/patrick/.npm/www/0.0.0/package.tgz',
7 verbose tar pack   '/Users/patrick/Documents/Mclassical/www' ]
8 verbose tarball /Users/patrick/.npm/www/0.0.0/package.tgz
9 verbose folder /Users/patrick/Documents/Mclassical/www
10 info prepublish www@0.0.0
11 verbose addLocalTarball adding from inside cache /Users/patrick/.npm/www/0.0.0/package.tgz
12 verbose afterAdd /Users/patrick/.npm/www/0.0.0/package/package.json not in flight; writing
13 silly install resolved [ { name: 'www',
13 silly install resolved     version: '0.0.0',
13 silly install resolved     private: true,
13 silly install resolved     scripts: { start: 'node ./bin/www' },
13 silly install resolved     dependencies:
13 silly install resolved      { 'body-parser': '~1.13.2',
13 silly install resolved        'cookie-parser': '~1.3.5',
13 silly install resolved        debug: '~2.2.0',
13 silly install resolved        express: '~4.13.1',
13 silly install resolved        jade: '~1.11.0',
13 silly install resolved        morgan: '~1.6.1',
13 silly install resolved        'serve-favicon': '~2.3.0' },
13 silly install resolved     gitHead: 'e94d2132a88ede3f2a313cf05c675edecf6fb19b',
13 silly install resolved     readme: 'ERROR: No README data found!',
13 silly install resolved     _id: 'www@0.0.0',
13 silly install resolved     _shasum: '14bf277a51c7949fc2324365d85dbd613d8e0a7b',
13 silly install resolved     _from: '../../Users/patrick/Documents/Mclassical/www' } ]
14 info install www@0.0.0 into /usr/local/lib
15 info installOne www@0.0.0
16 verbose lock using /Users/patrick/.npm/_locks/www-1fa64cea8fdee008.lock for /usr/local/lib/node_modules/www
17 verbose unbuild lib/node_modules/www
18 verbose gentlyRm vacuuming /usr/local/lib/node_modules/www
19 verbose tar unpack /Users/patrick/.npm/www/0.0.0/package.tgz
20 verbose tar unpacking to /usr/local/lib/node_modules/www
21 verbose gentlyRm vacuuming /usr/local/lib/node_modules/www
22 silly gunzTarPerm modes [ '755', '644' ]
23 verbose fstream_path /usr/local/lib/node_modules/www
24 verbose fstream_type Directory
25 verbose fstream_class DirWriter
26 verbose stack Error: EACCES, mkdir '/usr/local/lib/node_modules/www'
27 verbose fstream_stack /usr/local/lib/node_modules/npm/node_modules/fstream/lib/dir-writer.js:36:23
27 verbose fstream_stack /usr/local/lib/node_modules/npm/node_modules/mkdirp/index.js:46:53
27 verbose fstream_stack Object.oncomplete (fs.js:107:15)
28 verbose cwd /Users/patrick/Documents/Mclassical/www
29 error Darwin 14.1.0
30 error argv "node" "/usr/local/bin/npm" "install" "-g"
31 error node v0.10.32
32 error npm  v2.1.3
33 error path /usr/local/lib/node_modules/www
34 error code EACCES
35 error errno 3
36 error Error: EACCES, mkdir '/usr/local/lib/node_modules/www'
36 error  { [Error: EACCES, mkdir '/usr/local/lib/node_modules/www']
36 error   errno: 3,
36 error   code: 'EACCES',
36 error   path: '/usr/local/lib/node_modules/www',
36 error   fstream_type: 'Directory',
36 error   fstream_path: '/usr/local/lib/node_modules/www',
36 error   fstream_class: 'DirWriter',
36 error   fstream_stack:
36 error    [ '/usr/local/lib/node_modules/npm/node_modules/fstream/lib/dir-writer.js:36:23',
36 error      '/usr/local/lib/node_modules/npm/node_modules/mkdirp/index.js:46:53',
36 error      'Object.oncomplete (fs.js:107:15)' ] }
37 error Please try running this command again as root/Administrator.
38 verbose exit [ 3, true ]
